2019-11-15 14:12:27,262 ERROR MESSAGE: System.Net.Http.HttpRequestException: Host desconocido ---> System.Net.Sockets.SocketException: Host desconocido
   at System.Net.Http.ConnectHelper.ConnectAsync(String host, Int32 port, CancellationToken cancellationToken)
   --- End of inner exception stack trace ---
   at System.Net.Http.ConnectHelper.ConnectAsync(String host, Int32 port, CancellationToken cancellationToken)
   at System.Threading.Tasks.ValueTask`1.get_Result()
   at System.Net.Http.HttpConnectionPool.CreateConnectionAsync(HttpRequestMessage request, CancellationToken cancellationToken)
   at System.Threading.Tasks.ValueTask`1.get_Result()
   at System.Net.Http.HttpConnectionPool.WaitForCreatedConnectionAsync(ValueTask`1 creationTask)
   at System.Threading.Tasks.ValueTask`1.get_Result()
   at System.Net.Http.HttpConnectionPool.SendWithRetryAsync(HttpRequestMessage request, Boolean doRequestAuth, CancellationToken cancellationToken)
   at System.Net.Http.RedirectHandler.SendAsync(HttpRequestMessage request, CancellationToken cancellationToken)
   at System.Net.Http.HttpClient.FinishSendAsyncBuffered(Task`1 sendTask, HttpRequestMessage request, CancellationTokenSource cts, Boolean disposeCts)
   at GNB.Domain.Helpers.RequestHelper.GetListFromUrl[T](String url) in C:\Users\Usuario\Source\Repos\NewRepo\GNB.Domain\Helpers\RequestHelper.cs:line 26
 2019-11-15 14:14:44,502 ERROR MESSAGE: System.Net.Http.HttpRequestException: Host desconocido ---> System.Net.Sockets.SocketException: Host desconocido
   at System.Net.Http.ConnectHelper.ConnectAsync(String host, Int32 port, CancellationToken cancellationToken)
   --- End of inner exception stack trace ---
   at System.Net.Http.ConnectHelper.ConnectAsync(String host, Int32 port, CancellationToken cancellationToken)
   at System.Threading.Tasks.ValueTask`1.get_Result()
   at System.Net.Http.HttpConnectionPool.CreateConnectionAsync(HttpRequestMessage request, CancellationToken cancellationToken)
   at System.Threading.Tasks.ValueTask`1.get_Result()
   at System.Net.Http.HttpConnectionPool.WaitForCreatedConnectionAsync(ValueTask`1 creationTask)
   at System.Threading.Tasks.ValueTask`1.get_Result()
   at System.Net.Http.HttpConnectionPool.SendWithRetryAsync(HttpRequestMessage request, Boolean doRequestAuth, CancellationToken cancellationToken)
   at System.Net.Http.RedirectHandler.SendAsync(HttpRequestMessage request, CancellationToken cancellationToken)
   at System.Net.Http.HttpClient.FinishSendAsyncBuffered(Task`1 sendTask, HttpRequestMessage request, CancellationTokenSource cts, Boolean disposeCts)
   at GNB.Domain.Helpers.RequestHelper.GetListFromUrl[T](String url) in C:\Users\Usuario\Source\Repos\NewRepo\GNB.Domain\Helpers\RequestHelper.cs:line 26
 